  [1m[35m (2.2ms)[0m  [1m[35mCREATE TABLE "schema_migrations" ("version" varchar NOT NULL PRIMARY KEY)[0m
  [1m[35m (1.7ms)[0m  [1m[35mCREATE TABLE "ar_internal_metadata" ("key" varchar NOT NULL PRIMARY KEY, "value" varchar, "created_at" datetime NOT NULL, "updated_at" datetime NOT NULL)[0m
  [1m[36mActiveRecord::SchemaMigration Load (0.3ms)[0m  [1m[34mSELECT "schema_migrations".* FROM "schema_migrations"[0m
Migrating to CreateProjects (20170130004014)
  [1m[35m (0.1ms)[0m  [1m[36mbegin transaction[0m
  [1m[35m (0.7ms)[0m  [1m[35mCREATE TABLE "projects" ("id" INTEGER PRIMARY KEY AUTOINCREMENT NOT NULL, "title" varchar, "description" text, "created_at" datetime NOT NULL, "updated_at" datetime NOT NULL)[0m
  [1m[35mSQL (0.3ms)[0m  [1m[32mINSERT INTO "schema_migrations" ("version") VALUES (?)[0m  [["version", "20170130004014"]]
  [1m[35m (1.5ms)[0m  [1m[36mcommit transaction[0m
  [1m[36mActiveRecord::InternalMetadata Load (0.3ms)[0m  [1m[34mSELECT  "ar_internal_metadata".* FROM "ar_internal_metadata" WHERE "ar_internal_metadata"."key" = ? LIMIT ?[0m  [["key", :environment], ["LIMIT", 1]]
  [1m[35m (0.1ms)[0m  [1m[36mbegin transaction[0m
  [1m[35mSQL (1.0ms)[0m  [1m[32mINSERT INTO "ar_internal_metadata" ("key", "value", "created_at", "updated_at") VALUES (?, ?, ?, ?)[0m  [["key", "environment"], ["value", "development"], ["created_at", 2017-01-30 00:40:57 UTC], ["updated_at", 2017-01-30 00:40:57 UTC]]
  [1m[35m (1.5ms)[0m  [1m[36mcommit transaction[0m
  [1m[36mActiveRecord::SchemaMigration Load (0.1ms)[0m  [1m[34mSELECT "schema_migrations".* FROM "schema_migrations"[0m
Started GET "/" for 127.0.0.1 at 2017-01-29 22:41:05 -0200
  [1m[36mActiveRecord::SchemaMigration Load (0.4ms)[0m  [1m[34mSELECT "schema_migrations".* FROM "schema_migrations"[0m
Processing by Rails::WelcomeController#index as HTML
  Parameters: {"internal"=>true}
  Rendering /Users/andreleoni/.rvm/gems/ruby-2.3.0/gems/railties-5.0.1/lib/rails/templates/rails/welcome/index.html.erb
  Rendered /Users/andreleoni/.rvm/gems/ruby-2.3.0/gems/railties-5.0.1/lib/rails/templates/rails/welcome/index.html.erb (7.9ms)
Completed 200 OK in 154ms (Views: 95.7ms | ActiveRecord: 0.0ms)


Started GET "/projects" for 127.0.0.1 at 2017-01-29 22:41:11 -0200
Processing by ProjectsController#index as HTML
  Rendering projects/index.html.erb within layouts/application
  [1m[36mProject Load (0.7ms)[0m  [1m[34mSELECT "projects".* FROM "projects"[0m
  Rendered projects/index.html.erb within layouts/application (24.3ms)
Completed 200 OK in 1652ms (Views: 1641.1ms | ActiveRecord: 1.2ms)


Started GET "/projects/new" for 127.0.0.1 at 2017-01-29 22:41:15 -0200
Processing by ProjectsController#new as HTML
  Rendering projects/new.html.erb within layouts/application
  Rendered projects/_form.html.erb (122.3ms)
  Rendered projects/new.html.erb within layouts/application (128.1ms)
Completed 200 OK in 206ms (Views: 188.3ms | ActiveRecord: 2.7ms)


Started POST "/projects" for 127.0.0.1 at 2017-01-29 22:41:18 -0200
Processing by ProjectsController#create as HTML
  Parameters: {"utf8"=>"✓", "authenticity_token"=>"Q6mtYgz6R5oyOchcbOjQuYKz1b5GVHMXGH/Uehq1GhwYgm1X2pXqN+wJ1pVhbM2QVmGZ3inoKyrGAw77bRt/RA==", "project"=>{"title"=>"Teste", "description"=>"Teste"}, "commit"=>"Create Project"}
  [1m[35m (0.4ms)[0m  [1m[36mbegin transaction[0m
  [1m[35mSQL (1.0ms)[0m  [1m[32mINSERT INTO "projects" ("title", "description", "created_at", "updated_at") VALUES (?, ?, ?, ?)[0m  [["title", "Teste"], ["description", "Teste"], ["created_at", 2017-01-30 00:41:18 UTC], ["updated_at", 2017-01-30 00:41:18 UTC]]
  [1m[35m (1.3ms)[0m  [1m[36mcommit transaction[0m
Redirected to http://127.0.0.1:3000/projects/1
Completed 302 Found in 19ms (ActiveRecord: 2.7ms)


Started GET "/projects/1" for 127.0.0.1 at 2017-01-29 22:41:18 -0200
Processing by ProjectsController#show as HTML
  Parameters: {"id"=>"1"}
  [1m[36mProject Load (1.4ms)[0m  [1m[34mSELECT  "projects".* FROM "projects" WHERE "projects"."id" = ? LIMIT ?[0m  [["id", 1], ["LIMIT", 1]]
  Rendering projects/show.html.erb within layouts/application
  Rendered projects/show.html.erb within layouts/application (2.6ms)
Completed 200 OK in 134ms (Views: 95.0ms | ActiveRecord: 1.4ms)


Started GET "/projects/1/edit" for 127.0.0.1 at 2017-01-29 22:41:19 -0200
Processing by ProjectsController#edit as HTML
  Parameters: {"id"=>"1"}
  [1m[36mProject Load (1.0ms)[0m  [1m[34mSELECT  "projects".* FROM "projects" WHERE "projects"."id" = ? LIMIT ?[0m  [["id", 1], ["LIMIT", 1]]
  Rendering projects/edit.html.erb within layouts/application
  Rendered projects/_form.html.erb (6.4ms)
  Rendered projects/edit.html.erb within layouts/application (10.3ms)
Completed 200 OK in 76ms (Views: 67.8ms | ActiveRecord: 1.0ms)


Started PATCH "/projects/1" for 127.0.0.1 at 2017-01-29 22:41:21 -0200
Processing by ProjectsController#update as HTML
  Parameters: {"utf8"=>"✓", "authenticity_token"=>"S/z6gvzgSq9mtc2EAc3BLjMAiLq1He+pjkxaaTiY4biVNptSk35MbAnrq4Lq1hxdE15I/sc1drwAHuLFwSz+Ew==", "project"=>{"title"=>"Teste", "description"=>"asd"}, "commit"=>"Update Project", "id"=>"1"}
  [1m[36mProject Load (0.4ms)[0m  [1m[34mSELECT  "projects".* FROM "projects" WHERE "projects"."id" = ? LIMIT ?[0m  [["id", 1], ["LIMIT", 1]]
  [1m[35m (0.1ms)[0m  [1m[36mbegin transaction[0m
  [1m[35mSQL (0.9ms)[0m  [1m[33mUPDATE "projects" SET "description" = ?, "updated_at" = ? WHERE "projects"."id" = ?[0m  [["description", "asd"], ["updated_at", 2017-01-30 00:41:21 UTC], ["id", 1]]
  [1m[35m (2.2ms)[0m  [1m[36mcommit transaction[0m
Redirected to http://127.0.0.1:3000/projects/1
Completed 302 Found in 12ms (ActiveRecord: 3.6ms)


Started GET "/projects/1" for 127.0.0.1 at 2017-01-29 22:41:21 -0200
Processing by ProjectsController#show as HTML
  Parameters: {"id"=>"1"}
  [1m[36mProject Load (0.3ms)[0m  [1m[34mSELECT  "projects".* FROM "projects" WHERE "projects"."id" = ? LIMIT ?[0m  [["id", 1], ["LIMIT", 1]]
  Rendering projects/show.html.erb within layouts/application
  Rendered projects/show.html.erb within layouts/application (2.1ms)
Completed 200 OK in 56ms (Views: 48.9ms | ActiveRecord: 0.3ms)


Started GET "/projects" for 127.0.0.1 at 2017-01-29 22:41:23 -0200
Processing by ProjectsController#index as HTML
  Rendering projects/index.html.erb within layouts/application
  [1m[36mProject Load (0.4ms)[0m  [1m[34mSELECT "projects".* FROM "projects"[0m
  Rendered projects/index.html.erb within layouts/application (4.1ms)
Completed 200 OK in 46ms (Views: 41.3ms | ActiveRecord: 0.4ms)


Started DELETE "/projects/1" for 127.0.0.1 at 2017-01-29 22:41:24 -0200
Processing by ProjectsController#destroy as HTML
  Parameters: {"authenticity_token"=>"AZ61qgMO9QqRviPPeAcBNEMkR/IVGJUm4k/Jy6PYJ6ejc0j9IhSosa02GHKuNCzurzLECL/7BPpsrIuzoj3jpA==", "id"=>"1"}
  [1m[36mProject Load (0.3ms)[0m  [1m[34mSELECT  "projects".* FROM "projects" WHERE "projects"."id" = ? LIMIT ?[0m  [["id", 1], ["LIMIT", 1]]
  [1m[35m (0.2ms)[0m  [1m[36mbegin transaction[0m
  [1m[35mSQL (0.7ms)[0m  [1m[31mDELETE FROM "projects" WHERE "projects"."id" = ?[0m  [["id", 1]]
  [1m[35m (2.8ms)[0m  [1m[36mcommit transaction[0m
Redirected to http://127.0.0.1:3000/projects
Completed 302 Found in 10ms (ActiveRecord: 3.9ms)


Started GET "/projects" for 127.0.0.1 at 2017-01-29 22:41:24 -0200
Processing by ProjectsController#index as HTML
  Rendering projects/index.html.erb within layouts/application
  [1m[36mProject Load (0.3ms)[0m  [1m[34mSELECT "projects".* FROM "projects"[0m
  Rendered projects/index.html.erb within layouts/application (2.2ms)
Completed 200 OK in 36ms (Views: 32.6ms | ActiveRecord: 0.3ms)


Started GET "/projects/new" for 127.0.0.1 at 2017-01-29 22:41:26 -0200
Processing by ProjectsController#new as HTML
  Rendering projects/new.html.erb within layouts/application
  Rendered projects/_form.html.erb (4.6ms)
  Rendered projects/new.html.erb within layouts/application (8.4ms)
Completed 200 OK in 50ms (Views: 42.4ms | ActiveRecord: 0.0ms)


Started POST "/projects" for 127.0.0.1 at 2017-01-29 22:41:27 -0200
Processing by ProjectsController#create as HTML
  Parameters: {"utf8"=>"✓", "authenticity_token"=>"7mlGxS0fAGh+VftAX1kOfHQIyZ4nU9le6kytqWCdyry1Qobw+3CtxaBl5YlS3RNVoNqF/kjvgWM0MHcoFzOv5A==", "project"=>{"title"=>"asd", "description"=>"ad"}, "commit"=>"Create Project"}
  [1m[35m (0.1ms)[0m  [1m[36mbegin transaction[0m
  [1m[35mSQL (0.6ms)[0m  [1m[32mINSERT INTO "projects" ("title", "description", "created_at", "updated_at") VALUES (?, ?, ?, ?)[0m  [["title", "asd"], ["description", "ad"], ["created_at", 2017-01-30 00:41:27 UTC], ["updated_at", 2017-01-30 00:41:27 UTC]]
  [1m[35m (1.5ms)[0m  [1m[36mcommit transaction[0m
Redirected to http://127.0.0.1:3000/projects/2
Completed 302 Found in 7ms (ActiveRecord: 2.2ms)


Started GET "/projects/2" for 127.0.0.1 at 2017-01-29 22:41:27 -0200
Processing by ProjectsController#show as HTML
  Parameters: {"id"=>"2"}
  [1m[36mProject Load (0.2ms)[0m  [1m[34mSELECT  "projects".* FROM "projects" WHERE "projects"."id" = ? LIMIT ?[0m  [["id", 2], ["LIMIT", 1]]
  Rendering projects/show.html.erb within layouts/application
  Rendered projects/show.html.erb within layouts/application (1.7ms)
Completed 200 OK in 43ms (Views: 38.8ms | ActiveRecord: 0.2ms)


Started GET "/projects" for 127.0.0.1 at 2017-01-29 22:41:40 -0200
Processing by ProjectsController#index as HTML
  Rendering projects/index.html.erb within layouts/application
  [1m[36mProject Load (0.3ms)[0m  [1m[34mSELECT "projects".* FROM "projects"[0m
  Rendered projects/index.html.erb within layouts/application (3.7ms)
Completed 200 OK in 47ms (Views: 41.1ms | ActiveRecord: 0.3ms)


Started GET "/projects/new" for 127.0.0.1 at 2017-01-29 22:41:41 -0200
Processing by ProjectsController#new as HTML
  Rendering projects/new.html.erb within layouts/application
  Rendered projects/_form.html.erb (3.3ms)
  Rendered projects/new.html.erb within layouts/application (7.3ms)
Completed 200 OK in 47ms (Views: 41.5ms | ActiveRecord: 0.0ms)


Started POST "/projects" for 127.0.0.1 at 2017-01-29 22:41:45 -0200
Processing by ProjectsController#create as HTML
  Parameters: {"utf8"=>"✓", "authenticity_token"=>"cTDkfSrh0yB5n/2J/pO/friqyKFqKtmBbv0V7c/436kqGyRI/I5+jaev40DzF6JXbHiEwQWWgbywgc9suFa68Q==", "project"=>{"title"=>"First Project", "description"=>""}, "commit"=>"Create Project"}
  [1m[35m (0.5ms)[0m  [1m[36mbegin transaction[0m
  [1m[35mSQL (0.8ms)[0m  [1m[32mINSERT INTO "projects" ("title", "description", "created_at", "updated_at") VALUES (?, ?, ?, ?)[0m  [["title", "First Project"], ["description", ""], ["created_at", 2017-01-30 00:41:45 UTC], ["updated_at", 2017-01-30 00:41:45 UTC]]
  [1m[35m (2.0ms)[0m  [1m[36mcommit transaction[0m
Redirected to http://127.0.0.1:3000/projects/3
Completed 302 Found in 11ms (ActiveRecord: 3.3ms)


Started GET "/projects/3" for 127.0.0.1 at 2017-01-29 22:41:45 -0200
Processing by ProjectsController#show as HTML
  Parameters: {"id"=>"3"}
  [1m[36mProject Load (0.3ms)[0m  [1m[34mSELECT  "projects".* FROM "projects" WHERE "projects"."id" = ? LIMIT ?[0m  [["id", 3], ["LIMIT", 1]]
  Rendering projects/show.html.erb within layouts/application
  Rendered projects/show.html.erb within layouts/application (1.3ms)
Completed 200 OK in 39ms (Views: 35.0ms | ActiveRecord: 0.2ms)


Started GET "/projects/3/edit" for 127.0.0.1 at 2017-01-29 22:41:48 -0200
Processing by ProjectsController#edit as HTML
  Parameters: {"id"=>"3"}
  [1m[36mProject Load (0.2ms)[0m  [1m[34mSELECT  "projects".* FROM "projects" WHERE "projects"."id" = ? LIMIT ?[0m  [["id", 3], ["LIMIT", 1]]
  Rendering projects/edit.html.erb within layouts/application
  Rendered projects/_form.html.erb (5.2ms)
  Rendered projects/edit.html.erb within layouts/application (9.6ms)
Completed 200 OK in 51ms (Views: 43.7ms | ActiveRecord: 0.2ms)


Started PATCH "/projects/3" for 127.0.0.1 at 2017-01-29 22:41:52 -0200
Processing by ProjectsController#update as HTML
  Parameters: {"utf8"=>"✓", "authenticity_token"=>"oibqlw/Dm7oproaw7gMyPMwAI+wxelCfuJy4D6GdT4atxJZaFa8h5WgJqzwbAeIXSnxrJ8yMHTPXcH/bBLtRsg==", "project"=>{"title"=>"First Project", "description"=>"Project App.\r\n"}, "commit"=>"Update Project", "id"=>"3"}
  [1m[36mProject Load (0.2ms)[0m  [1m[34mSELECT  "projects".* FROM "projects" WHERE "projects"."id" = ? LIMIT ?[0m  [["id", 3], ["LIMIT", 1]]
  [1m[35m (0.1ms)[0m  [1m[36mbegin transaction[0m
  [1m[35mSQL (1.4ms)[0m  [1m[33mUPDATE "projects" SET "description" = ?, "updated_at" = ? WHERE "projects"."id" = ?[0m  [["description", "Project App.\r\n"], ["updated_at", 2017-01-30 00:41:52 UTC], ["id", 3]]
  [1m[35m (1.6ms)[0m  [1m[36mcommit transaction[0m
Redirected to http://127.0.0.1:3000/projects/3
Completed 302 Found in 12ms (ActiveRecord: 3.3ms)


Started GET "/projects/3" for 127.0.0.1 at 2017-01-29 22:41:52 -0200
Processing by ProjectsController#show as HTML
  Parameters: {"id"=>"3"}
  [1m[36mProject Load (0.3ms)[0m  [1m[34mSELECT  "projects".* FROM "projects" WHERE "projects"."id" = ? LIMIT ?[0m  [["id", 3], ["LIMIT", 1]]
  Rendering projects/show.html.erb within layouts/application
  Rendered projects/show.html.erb within layouts/application (2.0ms)
Completed 200 OK in 48ms (Views: 42.8ms | ActiveRecord: 0.3ms)


  [1m[36mActiveRecord::SchemaMigration Load (0.3ms)[0m  [1m[34mSELECT "schema_migrations".* FROM "schema_migrations"[0m
Migrating to CreateTasks (20170130010230)
  [1m[35m (0.1ms)[0m  [1m[36mbegin transaction[0m
  [1m[35m (1.0ms)[0m  [1m[35mCREATE TABLE "tasks" ("id" INTEGER PRIMARY KEY AUTOINCREMENT NOT NULL, "content" varchar, "project_id" integer, "created_at" datetime NOT NULL, "updated_at" datetime NOT NULL)[0m
  [1m[35m (0.1ms)[0m  [1m[34mselect sqlite_version(*)[0m
  [1m[35m (0.4ms)[0m  [1m[35mCREATE  INDEX "index_tasks_on_project_id" ON "tasks" ("project_id")[0m
  [1m[35mSQL (0.3ms)[0m  [1m[32mINSERT INTO "schema_migrations" ("version") VALUES (?)[0m  [["version", "20170130010230"]]
  [1m[35m (2.1ms)[0m  [1m[36mcommit transaction[0m
  [1m[36mActiveRecord::InternalMetadata Load (0.7ms)[0m  [1m[34mSELECT  "ar_internal_metadata".* FROM "ar_internal_metadata" WHERE "ar_internal_metadata"."key" = ? LIMIT ?[0m  [["key", :environment], ["LIMIT", 1]]
  [1m[35m (0.2ms)[0m  [1m[36mbegin transaction[0m
  [1m[35m (0.1ms)[0m  [1m[36mcommit transaction[0m
  [1m[36mActiveRecord::SchemaMigration Load (0.2ms)[0m  [1m[34mSELECT "schema_migrations".* FROM "schema_migrations"[0m
  [1m[35m (0.1ms)[0m  [1m[34m            SELECT sql
            FROM sqlite_master
            WHERE name='index_tasks_on_project_id' AND type='index'
            UNION ALL
            SELECT sql
            FROM sqlite_temp_master
            WHERE name='index_tasks_on_project_id' AND type='index'
[0m
  [1m[36mActiveRecord::SchemaMigration Load (0.4ms)[0m  [1m[34mSELECT "schema_migrations".* FROM "schema_migrations"[0m
  [1m[36mActiveRecord::InternalMetadata Load (0.3ms)[0m  [1m[34mSELECT  "ar_internal_metadata".* FROM "ar_internal_metadata" WHERE "ar_internal_metadata"."key" = ? LIMIT ?[0m  [["key", :environment], ["LIMIT", 1]]
  [1m[35m (0.5ms)[0m  [1m[36mbegin transaction[0m
  [1m[35m (0.1ms)[0m  [1m[36mcommit transaction[0m
  [1m[36mActiveRecord::SchemaMigration Load (0.1ms)[0m  [1m[34mSELECT "schema_migrations".* FROM "schema_migrations"[0m
  [1m[35m (0.1ms)[0m  [1m[34m            SELECT sql
            FROM sqlite_master
            WHERE name='index_tasks_on_project_id' AND type='index'
            UNION ALL
            SELECT sql
            FROM sqlite_temp_master
            WHERE name='index_tasks_on_project_id' AND type='index'
[0m
Started GET "/" for 127.0.0.1 at 2017-01-29 23:17:20 -0200
  [1m[36mActiveRecord::SchemaMigration Load (0.3ms)[0m  [1m[34mSELECT "schema_migrations".* FROM "schema_migrations"[0m
Processing by Rails::WelcomeController#index as HTML
  Parameters: {"internal"=>true}
  Rendering /Users/andreleoni/.rvm/gems/ruby-2.3.0/gems/railties-5.0.1/lib/rails/templates/rails/welcome/index.html.erb
  Rendered /Users/andreleoni/.rvm/gems/ruby-2.3.0/gems/railties-5.0.1/lib/rails/templates/rails/welcome/index.html.erb (6.1ms)
Completed 200 OK in 35ms (Views: 18.0ms | ActiveRecord: 0.0ms)


Started GET "/" for 127.0.0.1 at 2017-01-29 23:17:22 -0200
Processing by Rails::WelcomeController#index as HTML
  Parameters: {"internal"=>true}
  Rendering /Users/andreleoni/.rvm/gems/ruby-2.3.0/gems/railties-5.0.1/lib/rails/templates/rails/welcome/index.html.erb
  Rendered /Users/andreleoni/.rvm/gems/ruby-2.3.0/gems/railties-5.0.1/lib/rails/templates/rails/welcome/index.html.erb (4.2ms)
Completed 200 OK in 13ms (Views: 7.6ms | ActiveRecord: 0.0ms)


Started GET "/projects" for 127.0.0.1 at 2017-01-29 23:17:27 -0200
Processing by ProjectsController#index as HTML
  Rendering projects/index.html.erb within layouts/application
  [1m[36mProject Load (1.0ms)[0m  [1m[34mSELECT "projects".* FROM "projects"[0m
  Rendered projects/index.html.erb within layouts/application (49.5ms)
Started GET "/projects" for 127.0.0.1 at 2017-01-29 23:17:27 -0200
Processing by ProjectsController#index as HTML
  Rendering projects/index.html.erb within layouts/application
  [1m[36mProject Load (1.1ms)[0m  [1m[34mSELECT "projects".* FROM "projects"[0m
  Rendered projects/index.html.erb within layouts/application (7.4ms)
Completed 200 OK in 1064ms (Views: 1014.7ms | ActiveRecord: 3.6ms)


Completed 200 OK in 538ms (Views: 529.4ms | ActiveRecord: 1.1ms)


Started GET "/projects/new" for 127.0.0.1 at 2017-01-29 23:17:30 -0200
Processing by ProjectsController#new as HTML
  Rendering projects/new.html.erb within layouts/application
  Rendered projects/_form.html.erb (33.7ms)
  Rendered projects/new.html.erb within layouts/application (63.5ms)
Completed 200 OK in 108ms (Views: 104.4ms | ActiveRecord: 0.0ms)


Started POST "/projects" for 127.0.0.1 at 2017-01-29 23:17:32 -0200
Processing by ProjectsController#create as HTML
  Parameters: {"utf8"=>"✓", "authenticity_token"=>"8PKQcGABQxlZpO4VpRPeVBo6tfRks33Zv10I7wlEgCWr2VBFtm7utIeU8Nyol8N9zuj5lAsPJeRhIdJufurlfQ==", "project"=>{"title"=>"Tes", "description"=>"tes"}, "commit"=>"Create Project"}
  [1m[35m (0.1ms)[0m  [1m[36mbegin transaction[0m
  [1m[35mSQL (1.2ms)[0m  [1m[32mINSERT INTO "projects" ("title", "description", "created_at", "updated_at") VALUES (?, ?, ?, ?)[0m  [["title", "Tes"], ["description", "tes"], ["created_at", 2017-01-30 01:17:32 UTC], ["updated_at", 2017-01-30 01:17:32 UTC]]
  [1m[35m (3.1ms)[0m  [1m[36mcommit transaction[0m
Redirected to http://127.0.0.1:3000/projects/4
Completed 302 Found in 23ms (ActiveRecord: 4.3ms)


Started GET "/projects/4" for 127.0.0.1 at 2017-01-29 23:17:32 -0200
Processing by ProjectsController#show as HTML
  Parameters: {"id"=>"4"}
  [1m[36mProject Load (0.4ms)[0m  [1m[34mSELECT  "projects".* FROM "projects" WHERE "projects"."id" = ? LIMIT ?[0m  [["id", 4], ["LIMIT", 1]]
  Rendering projects/show.html.erb within layouts/application
  [1m[36mTask Load (0.4ms)[0m  [1m[34mSELECT "tasks".* FROM "tasks" WHERE "tasks"."project_id" = ?[0m  [["project_id", 4]]
  Rendered collection of templates [0 times] (0.0ms)
  Rendered projects/show.html.erb within layouts/application (90.1ms)
Completed 500 Internal Server Error in 107ms (ActiveRecord: 1.2ms)


  
ActionView::Template::Error (Missing partial tasks/_form with {:locale=>[:en], :formats=>[:html], :variants=>[], :handlers=>[:raw, :erb, :html, :builder, :ruby, :coffee, :haml, :jbuilder]}. Searched in:
  * "/Users/andreleoni/Documents/RubyProjects/play-tasks/app/views"
):
    13: <div id="tasks_list">
    14: 	<%= render @project.tasks %>
    15: 	<div id="tasks_form">
    16: 		<%= render "tasks/form" %>
    17: 	</div>
    18: </div>
    19: 
  
app/views/projects/show.html.erb:16:in `_app_views_projects_show_html_erb___3583234808180109113_70167308276500'
  Rendering /Users/andreleoni/.rvm/gems/ruby-2.3.0/gems/actionpack-5.0.1/lib/action_dispatch/middleware/templates/rescues/template_error.html.erb within rescues/layout
  Rendering /Users/andreleoni/.rvm/gems/ruby-2.3.0/gems/actionpack-5.0.1/lib/action_dispatch/middleware/templates/rescues/_source.html.erb
  Rendered /Users/andreleoni/.rvm/gems/ruby-2.3.0/gems/actionpack-5.0.1/lib/action_dispatch/middleware/templates/rescues/_source.html.erb (7.6ms)
  Rendering /Users/andreleoni/.rvm/gems/ruby-2.3.0/gems/actionpack-5.0.1/lib/action_dispatch/middleware/templates/rescues/_trace.html.erb
  Rendered /Users/andreleoni/.rvm/gems/ruby-2.3.0/gems/actionpack-5.0.1/lib/action_dispatch/middleware/templates/rescues/_trace.html.erb (2.7ms)
  Rendering /Users/andreleoni/.rvm/gems/ruby-2.3.0/gems/actionpack-5.0.1/lib/action_dispatch/middleware/templates/rescues/_request_and_response.html.erb
  Rendered /Users/andreleoni/.rvm/gems/ruby-2.3.0/gems/actionpack-5.0.1/lib/action_dispatch/middleware/templates/rescues/_request_and_response.html.erb (2.2ms)
  Rendered /Users/andreleoni/.rvm/gems/ruby-2.3.0/gems/actionpack-5.0.1/lib/action_dispatch/middleware/templates/rescues/template_error.html.erb within rescues/layout (126.0ms)
Started GET "/projects/4" for 127.0.0.1 at 2017-01-29 23:18:35 -0200
Processing by ProjectsController#show as HTML
  Parameters: {"id"=>"4"}
  [1m[36mProject Load (0.3ms)[0m  [1m[34mSELECT  "projects".* FROM "projects" WHERE "projects"."id" = ? LIMIT ?[0m  [["id", 4], ["LIMIT", 1]]
  Rendering projects/show.html.erb within layouts/application
  [1m[36mTask Load (0.3ms)[0m  [1m[34mSELECT "tasks".* FROM "tasks" WHERE "tasks"."project_id" = ?[0m  [["project_id", 4]]
  Rendered collection of templates [0 times] (0.0ms)
  Rendered projects/show.html.erb within layouts/application (8.0ms)
Completed 500 Internal Server Error in 19ms (ActiveRecord: 0.6ms)


  
ActionView::Template::Error (Missing partial tasks/_form with {:locale=>[:en], :formats=>[:html], :variants=>[], :handlers=>[:raw, :erb, :html, :builder, :ruby, :coffee, :haml, :jbuilder]}. Searched in:
  * "/Users/andreleoni/Documents/RubyProjects/play-tasks/app/views"
):
    13: <div id="tasks_list">
    14: 	<%= render @project.tasks %>
    15: 	<div id="tasks_form">
    16: 		<%= render "tasks/form" %>
    17: 	</div>
    18: </div>
    19: 
  
app/views/projects/show.html.erb:16:in `_app_views_projects_show_html_erb___3583234808180109113_70167340585380'
  Rendering /Users/andreleoni/.rvm/gems/ruby-2.3.0/gems/actionpack-5.0.1/lib/action_dispatch/middleware/templates/rescues/template_error.html.erb within rescues/layout
  Rendering /Users/andreleoni/.rvm/gems/ruby-2.3.0/gems/actionpack-5.0.1/lib/action_dispatch/middleware/templates/rescues/_source.html.erb
  Rendered /Users/andreleoni/.rvm/gems/ruby-2.3.0/gems/actionpack-5.0.1/lib/action_dispatch/middleware/templates/rescues/_source.html.erb (7.9ms)
  Rendering /Users/andreleoni/.rvm/gems/ruby-2.3.0/gems/actionpack-5.0.1/lib/action_dispatch/middleware/templates/rescues/_trace.html.erb
  Rendered /Users/andreleoni/.rvm/gems/ruby-2.3.0/gems/actionpack-5.0.1/lib/action_dispatch/middleware/templates/rescues/_trace.html.erb (3.4ms)
  Rendering /Users/andreleoni/.rvm/gems/ruby-2.3.0/gems/actionpack-5.0.1/lib/action_dispatch/middleware/templates/rescues/_request_and_response.html.erb
  Rendered /Users/andreleoni/.rvm/gems/ruby-2.3.0/gems/actionpack-5.0.1/lib/action_dispatch/middleware/templates/rescues/_request_and_response.html.erb (1.4ms)
  Rendered /Users/andreleoni/.rvm/gems/ruby-2.3.0/gems/actionpack-5.0.1/lib/action_dispatch/middleware/templates/rescues/template_error.html.erb within rescues/layout (125.8ms)
Started GET "/projects/4" for 127.0.0.1 at 2017-01-29 23:20:18 -0200
Started GET "/projects/4" for 127.0.0.1 at 2017-01-29 23:20:18 -0200
  [1m[36mActiveRecord::SchemaMigration Load (0.4ms)[0m  [1m[34mSELECT "schema_migrations".* FROM "schema_migrations"[0m
  [1m[36mActiveRecord::SchemaMigration Load (0.2ms)[0m  [1m[34mSELECT "schema_migrations".* FROM "schema_migrations"[0m
Processing by ProjectsController#show as HTML
Processing by ProjectsController#show as HTML
  Parameters: {"id"=>"4"}
  Parameters: {"id"=>"4"}
  [1m[36mProject Load (0.3ms)[0m  [1m[34mSELECT  "projects".* FROM "projects" WHERE "projects"."id" = ? LIMIT ?[0m  [["id", 4], ["LIMIT", 1]]
  [1m[36mProject Load (0.9ms)[0m  [1m[34mSELECT  "projects".* FROM "projects" WHERE "projects"."id" = ? LIMIT ?[0m  [["id", 4], ["LIMIT", 1]]
  Rendering projects/show.html.erb within layouts/application
  Rendering projects/show.html.erb within layouts/application
  [1m[36mTask Load (0.5ms)[0m  [1m[34mSELECT "tasks".* FROM "tasks" WHERE "tasks"."project_id" = ?[0m  [["project_id", 4]]
  [1m[36mTask Load (0.2ms)[0m  [1m[34mSELECT "tasks".* FROM "tasks" WHERE "tasks"."project_id" = ?[0m  [["project_id", 4]]
  Rendered collection of templates [0 times] (0.0ms)
  Rendered collection of templates [0 times] (0.0ms)
  Rendered tasks/_form.html.haml (51.8ms)
  Rendered projects/show.html.erb within layouts/application (110.3ms)
  Rendered tasks/_form.html.haml (69.1ms)
Completed 500 Internal Server Error in 169ms (ActiveRecord: 2.6ms)


  Rendered projects/show.html.erb within layouts/application (96.9ms)
  
Completed 500 Internal Server Error in 158ms (ActiveRecord: 1.2ms)


ActionView::Template::Error (undefined method `text_field' for nil:NilClass):
  
    1: = form_tag([@project, @project.tasks.build]) do |f|
    2: 	= f.text_field :content, placeholder: "New Task"
    3: 	= f.submit
ActionView::Template::Error (undefined method `text_field' for nil:NilClass):
  
    1: = form_tag([@project, @project.tasks.build]) do |f|
    2: 	= f.text_field :content, placeholder: "New Task"
    3: 	= f.submit
app/views/tasks/_form.html.haml:2:in `block in _app_views_tasks__form_html_haml___1698957549094759266_70237648261540'
app/views/tasks/_form.html.haml:1:in `_app_views_tasks__form_html_haml___1698957549094759266_70237648261540'
app/views/projects/show.html.erb:16:in `_app_views_projects_show_html_erb___586687505785426751_70237649739100'
  
app/views/tasks/_form.html.haml:2:in `block in _app_views_tasks__form_html_haml___1698957549094759266_70237648261540'
app/views/tasks/_form.html.haml:1:in `_app_views_tasks__form_html_haml___1698957549094759266_70237648261540'
app/views/projects/show.html.erb:16:in `_app_views_projects_show_html_erb___586687505785426751_70237649739100'
  Rendering /Users/andreleoni/.rvm/gems/ruby-2.3.0/gems/actionpack-5.0.1/lib/action_dispatch/middleware/templates/rescues/template_error.html.erb within rescues/layout
  Rendering /Users/andreleoni/.rvm/gems/ruby-2.3.0/gems/actionpack-5.0.1/lib/action_dispatch/middleware/templates/rescues/_source.html.erb
  Rendered /Users/andreleoni/.rvm/gems/ruby-2.3.0/gems/actionpack-5.0.1/lib/action_dispatch/middleware/templates/rescues/_source.html.erb (7.8ms)
  Rendering /Users/andreleoni/.rvm/gems/ruby-2.3.0/gems/actionpack-5.0.1/lib/action_dispatch/middleware/templates/rescues/_trace.html.erb
  Rendering /Users/andreleoni/.rvm/gems/ruby-2.3.0/gems/actionpack-5.0.1/lib/action_dispatch/middleware/templates/rescues/template_error.html.erb within rescues/layout
  Rendered /Users/andreleoni/.rvm/gems/ruby-2.3.0/gems/actionpack-5.0.1/lib/action_dispatch/middleware/templates/rescues/_trace.html.erb (3.2ms)
  Rendering /Users/andreleoni/.rvm/gems/ruby-2.3.0/gems/actionpack-5.0.1/lib/action_dispatch/middleware/templates/rescues/_source.html.erb
  Rendered /Users/andreleoni/.rvm/gems/ruby-2.3.0/gems/actionpack-5.0.1/lib/action_dispatch/middleware/templates/rescues/_source.html.erb (7.8ms)
  Rendering /Users/andreleoni/.rvm/gems/ruby-2.3.0/gems/actionpack-5.0.1/lib/action_dispatch/middleware/templates/rescues/_request_and_response.html.erb
  Rendered /Users/andreleoni/.rvm/gems/ruby-2.3.0/gems/actionpack-5.0.1/lib/action_dispatch/middleware/templates/rescues/_request_and_response.html.erb (1.5ms)
  Rendered /Users/andreleoni/.rvm/gems/ruby-2.3.0/gems/actionpack-5.0.1/lib/action_dispatch/middleware/templates/rescues/template_error.html.erb within rescues/layout (202.5ms)
  Rendering /Users/andreleoni/.rvm/gems/ruby-2.3.0/gems/actionpack-5.0.1/lib/action_dispatch/middleware/templates/rescues/_trace.html.erb
  Rendered /Users/andreleoni/.rvm/gems/ruby-2.3.0/gems/actionpack-5.0.1/lib/action_dispatch/middleware/templates/rescues/_trace.html.erb (3.0ms)
  Rendering /Users/andreleoni/.rvm/gems/ruby-2.3.0/gems/actionpack-5.0.1/lib/action_dispatch/middleware/templates/rescues/_request_and_response.html.erb
  Rendered /Users/andreleoni/.rvm/gems/ruby-2.3.0/gems/actionpack-5.0.1/lib/action_dispatch/middleware/templates/rescues/_request_and_response.html.erb (1.3ms)
  Rendered /Users/andreleoni/.rvm/gems/ruby-2.3.0/gems/actionpack-5.0.1/lib/action_dispatch/middleware/templates/rescues/template_error.html.erb within rescues/layout (411.5ms)
Started GET "/projects/4" for 127.0.0.1 at 2017-01-29 23:20:21 -0200
Processing by ProjectsController#show as HTML
  Parameters: {"id"=>"4"}
  [1m[36mProject Load (0.5ms)[0m  [1m[34mSELECT  "projects".* FROM "projects" WHERE "projects"."id" = ? LIMIT ?[0m  [["id", 4], ["LIMIT", 1]]
  Rendering projects/show.html.erb within layouts/application
  [1m[36mTask Load (0.3ms)[0m  [1m[34mSELECT "tasks".* FROM "tasks" WHERE "tasks"."project_id" = ?[0m  [["project_id", 4]]
  Rendered collection of templates [0 times] (0.0ms)
  Rendered tasks/_form.html.haml (7.9ms)
  Rendered projects/show.html.erb within layouts/application (14.6ms)
Completed 500 Internal Server Error in 26ms (ActiveRecord: 0.9ms)


  
ActionView::Template::Error (undefined method `text_field' for nil:NilClass):
    1: = form_tag([@project, @project.tasks.build]) do |f|
    2: 	= f.text_field :content, placeholder: "New Task"
    3: 	= f.submit
  
app/views/tasks/_form.html.haml:2:in `block in _app_views_tasks__form_html_haml___1698957549094759266_70237682204860'
app/views/tasks/_form.html.haml:1:in `_app_views_tasks__form_html_haml___1698957549094759266_70237682204860'
app/views/projects/show.html.erb:16:in `_app_views_projects_show_html_erb___586687505785426751_70237682339820'
  Rendering /Users/andreleoni/.rvm/gems/ruby-2.3.0/gems/actionpack-5.0.1/lib/action_dispatch/middleware/templates/rescues/template_error.html.erb within rescues/layout
  Rendering /Users/andreleoni/.rvm/gems/ruby-2.3.0/gems/actionpack-5.0.1/lib/action_dispatch/middleware/templates/rescues/_source.html.erb
  Rendered /Users/andreleoni/.rvm/gems/ruby-2.3.0/gems/actionpack-5.0.1/lib/action_dispatch/middleware/templates/rescues/_source.html.erb (8.0ms)
  Rendering /Users/andreleoni/.rvm/gems/ruby-2.3.0/gems/actionpack-5.0.1/lib/action_dispatch/middleware/templates/rescues/_trace.html.erb
  Rendered /Users/andreleoni/.rvm/gems/ruby-2.3.0/gems/actionpack-5.0.1/lib/action_dispatch/middleware/templates/rescues/_trace.html.erb (5.2ms)
  Rendering /Users/andreleoni/.rvm/gems/ruby-2.3.0/gems/actionpack-5.0.1/lib/action_dispatch/middleware/templates/rescues/_request_and_response.html.erb
  Rendered /Users/andreleoni/.rvm/gems/ruby-2.3.0/gems/actionpack-5.0.1/lib/action_dispatch/middleware/templates/rescues/_request_and_response.html.erb (1.6ms)
  Rendered /Users/andreleoni/.rvm/gems/ruby-2.3.0/gems/actionpack-5.0.1/lib/action_dispatch/middleware/templates/rescues/template_error.html.erb within rescues/layout (123.2ms)
Started GET "/projects/4" for 127.0.0.1 at 2017-01-29 23:21:22 -0200
Processing by ProjectsController#show as HTML
  Parameters: {"id"=>"4"}
  [1m[36mProject Load (0.4ms)[0m  [1m[34mSELECT  "projects".* FROM "projects" WHERE "projects"."id" = ? LIMIT ?[0m  [["id", 4], ["LIMIT", 1]]
  Rendering projects/show.html.erb within layouts/application
  [1m[36mTask Load (0.3ms)[0m  [1m[34mSELECT "tasks".* FROM "tasks" WHERE "tasks"."project_id" = ?[0m  [["project_id", 4]]
  Rendered collection of templates [0 times] (0.0ms)
  Rendered tasks/_form.html.erb (7.4ms)
  Rendered projects/show.html.erb within layouts/application (12.8ms)
Completed 500 Internal Server Error in 24ms (ActiveRecord: 0.6ms)


  
ActionView::Template::Error (undefined method `text_field' for nil:NilClass):
    1: <%= form_tag([@project, @project.tasks.build]) do |f| %>
    2: 	<%= f.text_field :content, placeholder: "New Task" %>
    3: 	<%= f.submit %>
    4: <% end %>
  
app/views/tasks/_form.html.erb:2:in `block in _app_views_tasks__form_html_erb___2183157000936012690_70237651149920'
app/views/tasks/_form.html.erb:1:in `_app_views_tasks__form_html_erb___2183157000936012690_70237651149920'
app/views/projects/show.html.erb:16:in `_app_views_projects_show_html_erb___586687505785426751_70237680633780'
  Rendering /Users/andreleoni/.rvm/gems/ruby-2.3.0/gems/actionpack-5.0.1/lib/action_dispatch/middleware/templates/rescues/template_error.html.erb within rescues/layout
  Rendering /Users/andreleoni/.rvm/gems/ruby-2.3.0/gems/actionpack-5.0.1/lib/action_dispatch/middleware/templates/rescues/_source.html.erb
  Rendered /Users/andreleoni/.rvm/gems/ruby-2.3.0/gems/actionpack-5.0.1/lib/action_dispatch/middleware/templates/rescues/_source.html.erb (9.7ms)
  Rendering /Users/andreleoni/.rvm/gems/ruby-2.3.0/gems/actionpack-5.0.1/lib/action_dispatch/middleware/templates/rescues/_trace.html.erb
  Rendered /Users/andreleoni/.rvm/gems/ruby-2.3.0/gems/actionpack-5.0.1/lib/action_dispatch/middleware/templates/rescues/_trace.html.erb (4.0ms)
  Rendering /Users/andreleoni/.rvm/gems/ruby-2.3.0/gems/actionpack-5.0.1/lib/action_dispatch/middleware/templates/rescues/_request_and_response.html.erb
  Rendered /Users/andreleoni/.rvm/gems/ruby-2.3.0/gems/actionpack-5.0.1/lib/action_dispatch/middleware/templates/rescues/_request_and_response.html.erb (2.1ms)
  Rendered /Users/andreleoni/.rvm/gems/ruby-2.3.0/gems/actionpack-5.0.1/lib/action_dispatch/middleware/templates/rescues/template_error.html.erb within rescues/layout (111.6ms)
Started GET "/projects/4" for 127.0.0.1 at 2017-01-29 23:21:56 -0200
Processing by ProjectsController#show as HTML
  Parameters: {"id"=>"4"}
  [1m[36mProject Load (0.5ms)[0m  [1m[34mSELECT  "projects".* FROM "projects" WHERE "projects"."id" = ? LIMIT ?[0m  [["id", 4], ["LIMIT", 1]]
  Rendering projects/show.html.erb within layouts/application
  [1m[36mTask Load (0.4ms)[0m  [1m[34mSELECT "tasks".* FROM "tasks" WHERE "tasks"."project_id" = ?[0m  [["project_id", 4]]
  Rendered collection of templates [0 times] (0.0ms)
  Rendered tasks/_form.html.haml (19.1ms)
  Rendered projects/show.html.erb within layouts/application (30.2ms)
Completed 200 OK in 454ms (Views: 445.5ms | ActiveRecord: 0.8ms)


Started POST "/projects/4/tasks" for 127.0.0.1 at 2017-01-29 23:21:58 -0200
Processing by TasksController#create as HTML
  Parameters: {"utf8"=>"✓", "authenticity_token"=>"LKxmmf9Pr6/a02tNjVsoC4kDKIISW/yl0bfqUZqCo7WOQZvO3lXyFOZbUPBbaAXRZRWreLi4bXlfVKgpm2dntg==", "task"=>{"content"=>"tes"}, "commit"=>"Create Task", "project_id"=>"4"}
  [1m[36mProject Load (0.6ms)[0m  [1m[34mSELECT  "projects".* FROM "projects" WHERE "projects"."id" = ? LIMIT ?[0m  [["id", 4], ["LIMIT", 1]]
  [1m[35m (0.2ms)[0m  [1m[36mbegin transaction[0m
  [1m[35mSQL (0.8ms)[0m  [1m[32mINSERT INTO "tasks" ("content", "project_id", "created_at", "updated_at") VALUES (?, ?, ?, ?)[0m  [["content", "tes"], ["project_id", 4], ["created_at", 2017-01-30 01:21:58 UTC], ["updated_at", 2017-01-30 01:21:58 UTC]]
  [1m[35m (1.9ms)[0m  [1m[36mcommit transaction[0m
Redirected to http://127.0.0.1:3000/projects/4
Completed 302 Found in 15ms (ActiveRecord: 3.5ms)


Started GET "/projects/4" for 127.0.0.1 at 2017-01-29 23:21:58 -0200
Processing by ProjectsController#show as HTML
  Parameters: {"id"=>"4"}
  [1m[36mProject Load (0.3ms)[0m  [1m[34mSELECT  "projects".* FROM "projects" WHERE "projects"."id" = ? LIMIT ?[0m  [["id", 4], ["LIMIT", 1]]
  Rendering projects/show.html.erb within layouts/application
  [1m[36mTask Load (0.3ms)[0m  [1m[34mSELECT "tasks".* FROM "tasks" WHERE "tasks"."project_id" = ?[0m  [["project_id", 4]]
  Rendered collection of tasks/_task.html.haml [1 times] (1.1ms)
  Rendered projects/show.html.erb within layouts/application (6.7ms)
Completed 500 Internal Server Error in 16ms (ActiveRecord: 0.6ms)


  
ActionView::Template::Error (Illegal nesting: nesting within plain text is illegal.):
    1: p
    2: 	task.content
  
app/views/tasks/_task.html.haml:2
app/views/projects/show.html.erb:14:in `_app_views_projects_show_html_erb___586687505785426751_70237701994040'
  Rendering /Users/andreleoni/.rvm/gems/ruby-2.3.0/gems/actionpack-5.0.1/lib/action_dispatch/middleware/templates/rescues/template_error.html.erb within rescues/layout
  Rendering /Users/andreleoni/.rvm/gems/ruby-2.3.0/gems/actionpack-5.0.1/lib/action_dispatch/middleware/templates/rescues/_source.html.erb
  Rendered /Users/andreleoni/.rvm/gems/ruby-2.3.0/gems/actionpack-5.0.1/lib/action_dispatch/middleware/templates/rescues/_source.html.erb (7.9ms)
  Rendering /Users/andreleoni/.rvm/gems/ruby-2.3.0/gems/actionpack-5.0.1/lib/action_dispatch/middleware/templates/rescues/_trace.html.erb
  Rendered /Users/andreleoni/.rvm/gems/ruby-2.3.0/gems/actionpack-5.0.1/lib/action_dispatch/middleware/templates/rescues/_trace.html.erb (3.0ms)
  Rendering /Users/andreleoni/.rvm/gems/ruby-2.3.0/gems/actionpack-5.0.1/lib/action_dispatch/middleware/templates/rescues/_request_and_response.html.erb
  Rendered /Users/andreleoni/.rvm/gems/ruby-2.3.0/gems/actionpack-5.0.1/lib/action_dispatch/middleware/templates/rescues/_request_and_response.html.erb (1.4ms)
  Rendered /Users/andreleoni/.rvm/gems/ruby-2.3.0/gems/actionpack-5.0.1/lib/action_dispatch/middleware/templates/rescues/template_error.html.erb within rescues/layout (113.8ms)
Started GET "/projects/4" for 127.0.0.1 at 2017-01-29 23:22:17 -0200
Processing by ProjectsController#show as HTML
  Parameters: {"id"=>"4"}
  [1m[36mProject Load (0.2ms)[0m  [1m[34mSELECT  "projects".* FROM "projects" WHERE "projects"."id" = ? LIMIT ?[0m  [["id", 4], ["LIMIT", 1]]
  Rendering projects/show.html.erb within layouts/application
  [1m[36mTask Load (0.2ms)[0m  [1m[34mSELECT "tasks".* FROM "tasks" WHERE "tasks"."project_id" = ?[0m  [["project_id", 4]]
  Rendered collection of tasks/_task.html.haml [1 times] (1.5ms)
  Rendered tasks/_form.html.haml (3.6ms)
  Rendered projects/show.html.erb within layouts/application (12.9ms)
Completed 200 OK in 45ms (Views: 41.2ms | ActiveRecord: 0.4ms)


Started POST "/projects/4/tasks" for 127.0.0.1 at 2017-01-29 23:22:19 -0200
Processing by TasksController#create as HTML
  Parameters: {"utf8"=>"✓", "authenticity_token"=>"rsFWdebhv5AGy0Hev3zkuJWO3YqyswKFab9W96sTd78MLKsix/viKzpDemNpT8lieZhecBhQk1nnXBSPqvazvA==", "task"=>{"content"=>"asd"}, "commit"=>"Create Task", "project_id"=>"4"}
  [1m[36mProject Load (0.3ms)[0m  [1m[34mSELECT  "projects".* FROM "projects" WHERE "projects"."id" = ? LIMIT ?[0m  [["id", 4], ["LIMIT", 1]]
  [1m[35m (0.1ms)[0m  [1m[36mbegin transaction[0m
  [1m[35mSQL (0.6ms)[0m  [1m[32mINSERT INTO "tasks" ("content", "project_id", "created_at", "updated_at") VALUES (?, ?, ?, ?)[0m  [["content", "asd"], ["project_id", 4], ["created_at", 2017-01-30 01:22:19 UTC], ["updated_at", 2017-01-30 01:22:19 UTC]]
  [1m[35m (1.8ms)[0m  [1m[36mcommit transaction[0m
Redirected to http://127.0.0.1:3000/projects/4
Completed 302 Found in 10ms (ActiveRecord: 2.8ms)


Started GET "/projects/4" for 127.0.0.1 at 2017-01-29 23:22:19 -0200
Processing by ProjectsController#show as HTML
  Parameters: {"id"=>"4"}
  [1m[36mProject Load (0.2ms)[0m  [1m[34mSELECT  "projects".* FROM "projects" WHERE "projects"."id" = ? LIMIT ?[0m  [["id", 4], ["LIMIT", 1]]
  Rendering projects/show.html.erb within layouts/application
  [1m[36mTask Load (0.2ms)[0m  [1m[34mSELECT "tasks".* FROM "tasks" WHERE "tasks"."project_id" = ?[0m  [["project_id", 4]]
  Rendered collection of tasks/_task.html.haml [2 times] (1.7ms)
  Rendered tasks/_form.html.haml (5.2ms)
  Rendered projects/show.html.erb within layouts/application (16.6ms)
Completed 200 OK in 68ms (Views: 63.9ms | ActiveRecord: 0.4ms)


Started POST "/projects/4/tasks" for 127.0.0.1 at 2017-01-29 23:22:21 -0200
Processing by TasksController#create as HTML
  Parameters: {"utf8"=>"✓", "authenticity_token"=>"2Yo+rws1iaY8D3MwfxdqlORjPjhhvddaEipDRWQuHx17Z8P4Ki/UHQCHSI2pJEdOCHW9wsteRoacyQE9ZcvbHg==", "task"=>{"content"=>"zz"}, "commit"=>"Create Task", "project_id"=>"4"}
  [1m[36mProject Load (0.3ms)[0m  [1m[34mSELECT  "projects".* FROM "projects" WHERE "projects"."id" = ? LIMIT ?[0m  [["id", 4], ["LIMIT", 1]]
  [1m[35m (0.1ms)[0m  [1m[36mbegin transaction[0m
  [1m[35mSQL (0.8ms)[0m  [1m[32mINSERT INTO "tasks" ("content", "project_id", "created_at", "updated_at") VALUES (?, ?, ?, ?)[0m  [["content", "zz"], ["project_id", 4], ["created_at", 2017-01-30 01:22:21 UTC], ["updated_at", 2017-01-30 01:22:21 UTC]]
  [1m[35m (2.1ms)[0m  [1m[36mcommit transaction[0m
Redirected to http://127.0.0.1:3000/projects/4
Completed 302 Found in 11ms (ActiveRecord: 3.3ms)


Started GET "/projects/4" for 127.0.0.1 at 2017-01-29 23:22:21 -0200
Processing by ProjectsController#show as HTML
  Parameters: {"id"=>"4"}
  [1m[36mProject Load (0.3ms)[0m  [1m[34mSELECT  "projects".* FROM "projects" WHERE "projects"."id" = ? LIMIT ?[0m  [["id", 4], ["LIMIT", 1]]
  Rendering projects/show.html.erb within layouts/application
  [1m[36mTask Load (0.2ms)[0m  [1m[34mSELECT "tasks".* FROM "tasks" WHERE "tasks"."project_id" = ?[0m  [["project_id", 4]]
  Rendered collection of tasks/_task.html.haml [3 times] (1.8ms)
  Rendered tasks/_form.html.haml (4.0ms)
  Rendered projects/show.html.erb within layouts/application (16.5ms)
Completed 200 OK in 79ms (Views: 72.2ms | ActiveRecord: 0.5ms)


Started GET "/projects/4" for 127.0.0.1 at 2017-01-29 23:22:27 -0200
Processing by ProjectsController#show as HTML
  Parameters: {"id"=>"4"}
  [1m[36mProject Load (0.2ms)[0m  [1m[34mSELECT  "projects".* FROM "projects" WHERE "projects"."id" = ? LIMIT ?[0m  [["id", 4], ["LIMIT", 1]]
  Rendering projects/show.html.erb within layouts/application
  [1m[36mTask Load (0.3ms)[0m  [1m[34mSELECT "tasks".* FROM "tasks" WHERE "tasks"."project_id" = ?[0m  [["project_id", 4]]
  Rendered collection of tasks/_task.html.haml [3 times] (1.2ms)
  Rendered projects/show.html.erb within layouts/application (7.3ms)
Completed 500 Internal Server Error in 21ms (ActiveRecord: 0.6ms)


  
ActionView::Template::Error (Illegal nesting: nesting within plain text is illegal.):
    1: p
    2: 	= task.content
  
app/views/tasks/_task.html.haml:2
app/views/projects/show.html.erb:14:in `_app_views_projects_show_html_erb___586687505785426751_70237684672680'
  Rendering /Users/andreleoni/.rvm/gems/ruby-2.3.0/gems/actionpack-5.0.1/lib/action_dispatch/middleware/templates/rescues/template_error.html.erb within rescues/layout
  Rendering /Users/andreleoni/.rvm/gems/ruby-2.3.0/gems/actionpack-5.0.1/lib/action_dispatch/middleware/templates/rescues/_source.html.erb
  Rendered /Users/andreleoni/.rvm/gems/ruby-2.3.0/gems/actionpack-5.0.1/lib/action_dispatch/middleware/templates/rescues/_source.html.erb (7.3ms)
  Rendering /Users/andreleoni/.rvm/gems/ruby-2.3.0/gems/actionpack-5.0.1/lib/action_dispatch/middleware/templates/rescues/_trace.html.erb
  Rendered /Users/andreleoni/.rvm/gems/ruby-2.3.0/gems/actionpack-5.0.1/lib/action_dispatch/middleware/templates/rescues/_trace.html.erb (2.6ms)
  Rendering /Users/andreleoni/.rvm/gems/ruby-2.3.0/gems/actionpack-5.0.1/lib/action_dispatch/middleware/templates/rescues/_request_and_response.html.erb
  Rendered /Users/andreleoni/.rvm/gems/ruby-2.3.0/gems/actionpack-5.0.1/lib/action_dispatch/middleware/templates/rescues/_request_and_response.html.erb (1.2ms)
  Rendered /Users/andreleoni/.rvm/gems/ruby-2.3.0/gems/actionpack-5.0.1/lib/action_dispatch/middleware/templates/rescues/template_error.html.erb within rescues/layout (110.2ms)
Started GET "/projects/4" for 127.0.0.1 at 2017-01-29 23:22:33 -0200
Processing by ProjectsController#show as HTML
  Parameters: {"id"=>"4"}
  [1m[36mProject Load (0.2ms)[0m  [1m[34mSELECT  "projects".* FROM "projects" WHERE "projects"."id" = ? LIMIT ?[0m  [["id", 4], ["LIMIT", 1]]
  Rendering projects/show.html.erb within layouts/application
  [1m[36mTask Load (0.3ms)[0m  [1m[34mSELECT "tasks".* FROM "tasks" WHERE "tasks"."project_id" = ?[0m  [["project_id", 4]]
  Rendered collection of tasks/_task.html.haml [3 times] (1.9ms)
  Rendered tasks/_form.html.haml (3.8ms)
  Rendered projects/show.html.erb within layouts/application (16.9ms)
Completed 200 OK in 51ms (Views: 47.3ms | ActiveRecord: 0.4ms)


Started POST "/projects/4/tasks" for 127.0.0.1 at 2017-01-29 23:22:35 -0200
Processing by TasksController#create as HTML
  Parameters: {"utf8"=>"✓", "authenticity_token"=>"yNtpUkg4eFqsQjQVgj6ZQ7d0qm4l4GvMQLa63PFcnbVqNpQFaSIl4ZDKD6hUDbSZW2IplI8D+hDOVfik8LlZtg==", "task"=>{"content"=>"zxc"}, "commit"=>"Create Task", "project_id"=>"4"}
  [1m[36mProject Load (0.3ms)[0m  [1m[34mSELECT  "projects".* FROM "projects" WHERE "projects"."id" = ? LIMIT ?[0m  [["id", 4], ["LIMIT", 1]]
  [1m[35m (0.2ms)[0m  [1m[36mbegin transaction[0m
  [1m[35mSQL (0.6ms)[0m  [1m[32mINSERT INTO "tasks" ("content", "project_id", "created_at", "updated_at") VALUES (?, ?, ?, ?)[0m  [["content", "zxc"], ["project_id", 4], ["created_at", 2017-01-30 01:22:35 UTC], ["updated_at", 2017-01-30 01:22:35 UTC]]
  [1m[35m (1.8ms)[0m  [1m[36mcommit transaction[0m
Redirected to http://127.0.0.1:3000/projects/4
Completed 302 Found in 14ms (ActiveRecord: 2.8ms)


Started GET "/projects/4" for 127.0.0.1 at 2017-01-29 23:22:35 -0200
Processing by ProjectsController#show as HTML
  Parameters: {"id"=>"4"}
  [1m[36mProject Load (0.3ms)[0m  [1m[34mSELECT  "projects".* FROM "projects" WHERE "projects"."id" = ? LIMIT ?[0m  [["id", 4], ["LIMIT", 1]]
  Rendering projects/show.html.erb within layouts/application
  [1m[36mTask Load (0.2ms)[0m  [1m[34mSELECT "tasks".* FROM "tasks" WHERE "tasks"."project_id" = ?[0m  [["project_id", 4]]
  Rendered collection of tasks/_task.html.haml [4 times] (1.6ms)
  Rendered tasks/_form.html.haml (4.9ms)
  Rendered projects/show.html.erb within layouts/application (14.5ms)
Completed 200 OK in 54ms (Views: 48.5ms | ActiveRecord: 0.5ms)


Started GET "/projects/4" for 127.0.0.1 at 2017-01-29 23:22:58 -0200
Processing by ProjectsController#show as HTML
  Parameters: {"id"=>"4"}
  [1m[36mProject Load (0.3ms)[0m  [1m[34mSELECT  "projects".* FROM "projects" WHERE "projects"."id" = ? LIMIT ?[0m  [["id", 4], ["LIMIT", 1]]
  Rendering projects/show.html.erb within layouts/application
  [1m[36mTask Load (0.2ms)[0m  [1m[34mSELECT "tasks".* FROM "tasks" WHERE "tasks"."project_id" = ?[0m  [["project_id", 4]]
  Rendered collection of tasks/_task.html.haml [4 times] (1.6ms)
  Rendered tasks/_form.html.haml (4.7ms)
  Rendered projects/show.html.erb within layouts/application (14.0ms)
Completed 200 OK in 51ms (Views: 44.9ms | ActiveRecord: 0.5ms)


Started POST "/projects/4/tasks" for 127.0.0.1 at 2017-01-29 23:23:05 -0200
Processing by TasksController#create as HTML
  Parameters: {"utf8"=>"✓", "authenticity_token"=>"O0jLcP0iO2x1pnJC4wzC2fWMZKxnyBdpY8OOfhpPdHOZpTYn3Dhm10kuSf81P+8DGZrnVs0rhrXtIMwGG6qwcA==", "task"=>{"content"=>"asd"}, "commit"=>"Create Task", "project_id"=>"4"}
  [1m[36mProject Load (0.3ms)[0m  [1m[34mSELECT  "projects".* FROM "projects" WHERE "projects"."id" = ? LIMIT ?[0m  [["id", 4], ["LIMIT", 1]]
  [1m[35m (0.2ms)[0m  [1m[36mbegin transaction[0m
  [1m[35mSQL (0.7ms)[0m  [1m[32mINSERT INTO "tasks" ("content", "project_id", "created_at", "updated_at") VALUES (?, ?, ?, ?)[0m  [["content", "asd"], ["project_id", 4], ["created_at", 2017-01-30 01:23:05 UTC], ["updated_at", 2017-01-30 01:23:05 UTC]]
  [1m[35m (1.7ms)[0m  [1m[36mcommit transaction[0m
Redirected to http://127.0.0.1:3000/projects/4
Completed 302 Found in 16ms (ActiveRecord: 2.7ms)


Started GET "/projects/4" for 127.0.0.1 at 2017-01-29 23:23:05 -0200
Processing by ProjectsController#show as HTML
  Parameters: {"id"=>"4"}
  [1m[36mProject Load (0.2ms)[0m  [1m[34mSELECT  "projects".* FROM "projects" WHERE "projects"."id" = ? LIMIT ?[0m  [["id", 4], ["LIMIT", 1]]
  Rendering projects/show.html.erb within layouts/application
  [1m[36mTask Load (0.3ms)[0m  [1m[34mSELECT "tasks".* FROM "tasks" WHERE "tasks"."project_id" = ?[0m  [["project_id", 4]]
  Rendered collection of tasks/_task.html.haml [5 times] (1.7ms)
  Rendered tasks/_form.html.haml (3.3ms)
  Rendered projects/show.html.erb within layouts/application (17.7ms)
Completed 200 OK in 58ms (Views: 53.7ms | ActiveRecord: 0.6ms)


Started GET "/projects/4" for 127.0.0.1 at 2017-01-29 23:24:38 -0200
Processing by ProjectsController#show as HTML
  Parameters: {"id"=>"4"}
  [1m[36mProject Load (0.2ms)[0m  [1m[34mSELECT  "projects".* FROM "projects" WHERE "projects"."id" = ? LIMIT ?[0m  [["id", 4], ["LIMIT", 1]]
  Rendering projects/show.html.erb within layouts/application
  [1m[36mTask Load (0.2ms)[0m  [1m[34mSELECT "tasks".* FROM "tasks" WHERE "tasks"."project_id" = ?[0m  [["project_id", 4]]
  Rendered collection of tasks/_task.html.haml [5 times] (4.9ms)
  Rendered projects/show.html.erb within layouts/application (10.7ms)
Completed 500 Internal Server Error in 24ms (ActiveRecord: 0.4ms)


  
ActionView::Template::Error (undefined method `id' for nil:NilClass):
    1: %p
    2: 	= task.content
    3: 	= link_to "Delete", project_task_path(@project, @task.id), method: "delete", data: { confirm: "Are you sure?" }
  
app/views/tasks/_task.html.haml:3:in `_app_views_tasks__task_html_haml___3975615193460574109_70237657098320'
app/views/projects/show.html.erb:14:in `_app_views_projects_show_html_erb___586687505785426751_70237683497620'
  Rendering /Users/andreleoni/.rvm/gems/ruby-2.3.0/gems/actionpack-5.0.1/lib/action_dispatch/middleware/templates/rescues/template_error.html.erb within rescues/layout
  Rendering /Users/andreleoni/.rvm/gems/ruby-2.3.0/gems/actionpack-5.0.1/lib/action_dispatch/middleware/templates/rescues/_source.html.erb
  Rendered /Users/andreleoni/.rvm/gems/ruby-2.3.0/gems/actionpack-5.0.1/lib/action_dispatch/middleware/templates/rescues/_source.html.erb (9.1ms)
  Rendering /Users/andreleoni/.rvm/gems/ruby-2.3.0/gems/actionpack-5.0.1/lib/action_dispatch/middleware/templates/rescues/_trace.html.erb
  Rendered /Users/andreleoni/.rvm/gems/ruby-2.3.0/gems/actionpack-5.0.1/lib/action_dispatch/middleware/templates/rescues/_trace.html.erb (4.5ms)
  Rendering /Users/andreleoni/.rvm/gems/ruby-2.3.0/gems/actionpack-5.0.1/lib/action_dispatch/middleware/templates/rescues/_request_and_response.html.erb
  Rendered /Users/andreleoni/.rvm/gems/ruby-2.3.0/gems/actionpack-5.0.1/lib/action_dispatch/middleware/templates/rescues/_request_and_response.html.erb (1.6ms)
  Rendered /Users/andreleoni/.rvm/gems/ruby-2.3.0/gems/actionpack-5.0.1/lib/action_dispatch/middleware/templates/rescues/template_error.html.erb within rescues/layout (142.6ms)
Started GET "/projects/4" for 127.0.0.1 at 2017-01-29 23:25:04 -0200
Processing by ProjectsController#show as HTML
  Parameters: {"id"=>"4"}
  [1m[36mProject Load (0.3ms)[0m  [1m[34mSELECT  "projects".* FROM "projects" WHERE "projects"."id" = ? LIMIT ?[0m  [["id", 4], ["LIMIT", 1]]
  Rendering projects/show.html.erb within layouts/application
  [1m[36mTask Load (0.2ms)[0m  [1m[34mSELECT "tasks".* FROM "tasks" WHERE "tasks"."project_id" = ?[0m  [["project_id", 4]]
  Rendered collection of tasks/_task.html.haml [5 times] (3.1ms)
  Rendered tasks/_form.html.haml (3.5ms)
  Rendered projects/show.html.erb within layouts/application (14.7ms)
Completed 200 OK in 51ms (Views: 45.0ms | ActiveRecord: 0.4ms)


Started DELETE "/projects/4/tasks/1" for 127.0.0.1 at 2017-01-29 23:25:07 -0200
  
AbstractController::ActionNotFound (The action 'destroy' could not be found for TasksController):
  
actionpack (5.0.1) lib/abstract_controller/base.rb:121:in `process'
actionview (5.0.1) lib/action_view/rendering.rb:30:in `process'
actionpack (5.0.1) lib/action_controller/metal.rb:190:in `dispatch'
actionpack (5.0.1) lib/action_controller/metal.rb:262:in `dispatch'
actionpack (5.0.1) lib/action_dispatch/routing/route_set.rb:50:in `dispatch'
actionpack (5.0.1) lib/action_dispatch/routing/route_set.rb:32:in `serve'
actionpack (5.0.1) lib/action_dispatch/journey/router.rb:39:in `block in serve'
actionpack (5.0.1) lib/action_dispatch/journey/router.rb:26:in `each'
actionpack (5.0.1) lib/action_dispatch/journey/router.rb:26:in `serve'
actionpack (5.0.1) lib/action_dispatch/routing/route_set.rb:725:in `call'
rack (2.0.1) lib/rack/etag.rb:25:in `call'
rack (2.0.1) lib/rack/conditional_get.rb:38:in `call'
rack (2.0.1) lib/rack/head.rb:12:in `call'
rack (2.0.1) lib/rack/session/abstract/id.rb:222:in `context'
rack (2.0.1) lib/rack/session/abstract/id.rb:216:in `call'
actionpack (5.0.1) lib/action_dispatch/middleware/cookies.rb:613:in `call'
activerecord (5.0.1) lib/active_record/migration.rb:553:in `call'
actionpack (5.0.1) lib/action_dispatch/middleware/callbacks.rb:38:in `block in call'
activesupport (5.0.1) lib/active_support/callbacks.rb:97:in `__run_callbacks__'
activesupport (5.0.1) lib/active_support/callbacks.rb:750:in `_run_call_callbacks'
activesupport (5.0.1) lib/active_support/callbacks.rb:90:in `run_callbacks'
actionpack (5.0.1) lib/action_dispatch/middleware/callbacks.rb:36:in `call'
actionpack (5.0.1) lib/action_dispatch/middleware/executor.rb:12:in `call'
actionpack (5.0.1) lib/action_dispatch/middleware/remote_ip.rb:79:in `call'
actionpack (5.0.1) lib/action_dispatch/middleware/debug_exceptions.rb:49:in `call'
web-console (3.4.0) lib/web_console/middleware.rb:135:in `call_app'
web-console (3.4.0) lib/web_console/middleware.rb:28:in `block in call'
web-console (3.4.0) lib/web_console/middleware.rb:18:in `catch'
web-console (3.4.0) lib/web_console/middleware.rb:18:in `call'
actionpack (5.0.1) lib/action_dispatch/middleware/show_exceptions.rb:31:in `call'
railties (5.0.1) lib/rails/rack/logger.rb:36:in `call_app'
railties (5.0.1) lib/rails/rack/logger.rb:24:in `block in call'
activesupport (5.0.1) lib/active_support/tagged_logging.rb:69:in `block in tagged'
activesupport (5.0.1) lib/active_support/tagged_logging.rb:26:in `tagged'
activesupport (5.0.1) lib/active_support/tagged_logging.rb:69:in `tagged'
railties (5.0.1) lib/rails/rack/logger.rb:24:in `call'
sprockets-rails (3.2.0) lib/sprockets/rails/quiet_assets.rb:13:in `call'
actionpack (5.0.1) lib/action_dispatch/middleware/request_id.rb:24:in `call'
rack (2.0.1) lib/rack/method_override.rb:22:in `call'
rack (2.0.1) lib/rack/runtime.rb:22:in `call'
activesupport (5.0.1) lib/active_support/cache/strategy/local_cache_middleware.rb:28:in `call'
actionpack (5.0.1) lib/action_dispatch/middleware/executor.rb:12:in `call'
actionpack (5.0.1) lib/action_dispatch/middleware/static.rb:136:in `call'
rack (2.0.1) lib/rack/sendfile.rb:111:in `call'
railties (5.0.1) lib/rails/engine.rb:522:in `call'
puma (3.7.0) lib/puma/configuration.rb:226:in `call'
puma (3.7.0) lib/puma/server.rb:578:in `handle_request'
puma (3.7.0) lib/puma/server.rb:415:in `process_client'
puma (3.7.0) lib/puma/server.rb:275:in `block in run'
puma (3.7.0) lib/puma/thread_pool.rb:120:in `block in spawn_thread'
  Rendering /Users/andreleoni/.rvm/gems/ruby-2.3.0/gems/actionpack-5.0.1/lib/action_dispatch/middleware/templates/rescues/unknown_action.html.erb within rescues/layout
  Rendered /Users/andreleoni/.rvm/gems/ruby-2.3.0/gems/actionpack-5.0.1/lib/action_dispatch/middleware/templates/rescues/unknown_action.html.erb within rescues/layout (1.0ms)
